INFO 2025-06-04 17:16:34,409 signals 33010 6134476800 New email service created: hrop (hroperations@azerbaijansupermarket.com)
INFO 2025-06-04 17:16:50,046 services 33010 6186102784 Successfully obtained access token for hroperations@azerbaijansupermarket.com
INFO 2025-06-04 17:16:51,392 services 33010 6186102784 Starting email sync for hrop from folder inbox
INFO 2025-06-04 17:17:05,796 services 33010 6186102784 Processed batch: 50 messages, Total: 50
INFO 2025-06-04 17:17:05,801 signals 33010 6186102784 Email service updated: hrop (hroperations@azerbaijansupermarket.com)
INFO 2025-06-04 17:17:05,802 services 33010 6186102784 Email sync completed: 50 processed, 50 created, 0 updated
INFO 2025-06-04 17:26:00,030 services 33010 6134476800 Successfully obtained access token for hroperations@azerbaijansupermarket.com
INFO 2025-06-04 17:26:01,265 services 33010 6134476800 Starting email sync for hrop from folder inbox
INFO 2025-06-04 17:26:03,442 signals 33010 6134476800 Email service updated: hrop (hroperations@azerbaijansupermarket.com)
INFO 2025-06-04 17:26:03,443 services 33010 6134476800 Email sync completed: 0 processed, 0 created, 0 updated
ERROR 2025-06-04 17:35:13,582 views 33010 6134476800 Failed to get emails: name 'models' is not defined
ERROR 2025-06-04 17:35:13,740 views 33010 6168702976 Failed to get emails: name 'models' is not defined
ERROR 2025-06-04 17:35:13,755 views 33010 6151303168 Failed to get emails: name 'models' is not defined
ERROR 2025-06-04 17:35:14,027 views 33010 6185529344 Failed to get emails: name 'models' is not defined
ERROR 2025-06-04 17:35:16,095 views 33010 6134476800 Failed to get emails: name 'models' is not defined
ERROR 2025-06-04 17:35:18,252 views 33010 6202355712 Failed to get emails: name 'models' is not defined
INFO 2025-06-04 17:37:58,961 services 33010 6134476800 Successfully obtained access token for hroperations@azerbaijansupermarket.com
INFO 2025-06-04 17:38:00,334 services 33010 6134476800 Starting email sync for hrop from folder inbox
INFO 2025-06-04 17:38:01,653 signals 33010 6134476800 Email service updated: hrop (hroperations@azerbaijansupermarket.com)
INFO 2025-06-04 17:38:01,653 services 33010 6134476800 Email sync completed: 0 processed, 0 created, 0 updated
INFO 2025-06-04 17:45:41,433 services 33010 6134476800 Successfully obtained access token for hroperations@azerbaijansupermarket.com
INFO 2025-06-04 17:45:41,847 services 33010 6134476800 Starting email sync for hrop from folder inbox
INFO 2025-06-04 17:45:42,260 signals 33010 6134476800 Email service updated: hrop (hroperations@azerbaijansupermarket.com)
INFO 2025-06-04 17:45:42,261 services 33010 6134476800 Email sync completed: 0 processed, 0 created, 0 updated
INFO 2025-06-04 17:46:35,327 services 33010 6134476800 Successfully obtained access token for hroperations@azerbaijansupermarket.com
INFO 2025-06-04 17:46:35,754 services 33010 6134476800 Starting email sync for hrop from folder inbox
INFO 2025-06-04 17:46:36,218 signals 33010 6134476800 Email service updated: hrop (hroperations@azerbaijansupermarket.com)
INFO 2025-06-04 17:46:36,218 services 33010 6134476800 Email sync completed: 0 processed, 0 created, 0 updated
INFO 2025-06-04 20:46:21,503 services 33010 6185529344 Successfully obtained access token for hroperations@azerbaijansupermarket.com
INFO 2025-06-04 20:46:22,798 services 33010 6185529344 Starting email sync for hrop from folder inbox
INFO 2025-06-04 20:46:24,302 signals 33010 6185529344 Email service updated: hrop (hroperations@azerbaijansupermarket.com)
INFO 2025-06-04 20:46:24,303 services 33010 6185529344 Email sync completed: 0 processed, 0 created, 0 updated
INFO 2025-06-04 20:46:31,262 services 33010 6185529344 Successfully obtained access token for hroperations@azerbaijansupermarket.com
INFO 2025-06-04 20:46:32,482 services 33010 6185529344 Starting email sync for hrop from folder inbox
INFO 2025-06-04 20:46:33,741 signals 33010 6185529344 Email service updated: hrop (hroperations@azerbaijansupermarket.com)
INFO 2025-06-04 20:46:33,741 services 33010 6185529344 Email sync completed: 0 processed, 0 created, 0 updated
INFO 2025-06-05 11:28:28,702 services 15648 26112 Successfully obtained access token for hroperations@azerbaijansupermarket.com
INFO 2025-06-05 11:28:29,169 services 15648 26112 Starting email sync for hrop from folder inbox
INFO 2025-06-05 11:28:31,189 services 15648 26112 Processed batch: 1 messages, Total: 1
INFO 2025-06-05 11:28:31,236 signals 15648 26112 Email service updated: hrop (hroperations@azerbaijansupermarket.com)
INFO 2025-06-05 11:28:31,238 services 15648 26112 Email sync completed: 1 processed, 1 created, 0 updated
INFO 2025-06-05 17:02:33,652 services 5296 11724 Successfully obtained access token for hroperations@azerbaijansupermarket.com
INFO 2025-06-05 17:02:34,906 services 5296 11724 Starting email sync for hrop from folder inbox
INFO 2025-06-05 17:02:36,354 services 5296 11724 Processed batch: 1 messages, Total: 1
INFO 2025-06-05 17:02:36,415 signals 5296 11724 Email service updated: hrop (hroperations@azerbaijansupermarket.com)
INFO 2025-06-05 17:02:36,417 services 5296 11724 Email sync completed: 1 processed, 1 created, 0 updated
INFO 2025-06-08 22:29:54,294 services 53245 6201356288 Successfully obtained access token for hroperations@azerbaijansupermarket.com
INFO 2025-06-08 22:29:55,539 services 53245 6201356288 Starting email sync for hrop from folder inbox
INFO 2025-06-08 22:29:57,267 services 53245 6201356288 Processed batch: 1 messages, Total: 1
INFO 2025-06-08 22:29:57,285 signals 53245 6201356288 Email service updated: hrop (hroperations@azerbaijansupermarket.com)
INFO 2025-06-08 22:29:57,285 services 53245 6201356288 Email sync completed: 1 processed, 1 created, 0 updated
INFO 2025-06-11 17:40:15,952 signals 65024 6122450944 New email service created: hrop (hroperations@azerbaijansupermarket.com)
INFO 2025-06-11 17:40:32,983 services 65024 6139277312 Successfully obtained access token for hroperations@azerbaijansupermarket.com
INFO 2025-06-11 17:40:34,283 services 65024 6139277312 Starting email sync for hrop from folder inbox
INFO 2025-06-11 17:40:49,649 services 65024 6139277312 Processed batch: 50 messages, Total: 50
INFO 2025-06-11 17:40:49,654 signals 65024 6139277312 Email service updated: hrop (hroperations@azerbaijansupermarket.com)
INFO 2025-06-11 17:40:49,654 services 65024 6139277312 Email sync completed: 50 processed, 50 created, 0 updated
INFO 2025-06-12 14:19:23,794 services 10596 5712 Successfully obtained access token for hroperations@azerbaijansupermarket.com
INFO 2025-06-12 14:19:24,996 services 10596 5712 Starting email sync for hrop from folder inbox
INFO 2025-06-12 14:19:26,504 services 10596 5712 Processed batch: 3 messages, Total: 3
INFO 2025-06-12 14:19:26,550 signals 10596 5712 Email service updated: hrop (hroperations@azerbaijansupermarket.com)
INFO 2025-06-12 14:19:26,551 services 10596 5712 Email sync completed: 3 processed, 3 created, 0 updated
INFO 2025-06-12 17:36:45,721 services 18236 12692 Successfully obtained access token for hroperations@azerbaijansupermarket.com
INFO 2025-06-12 17:36:46,185 services 18236 12692 Starting email sync for hrop from folder inbox
INFO 2025-06-12 17:36:46,828 services 18236 12692 Processed batch: 2 messages, Total: 2
INFO 2025-06-12 17:36:46,893 signals 18236 12692 Email service updated: hrop (hroperations@azerbaijansupermarket.com)
INFO 2025-06-12 17:36:46,894 services 18236 12692 Email sync completed: 2 processed, 2 created, 0 updated
INFO 2025-06-21 10:45:54,121 services 13616 22376 Successfully obtained access token for hroperations@azerbaijansupermarket.com
INFO 2025-06-21 10:45:55,314 services 13616 22376 Starting email sync for hrop from folder inbox
INFO 2025-06-21 10:45:59,994 services 13616 22376 Processed batch: 22 messages, Total: 22
INFO 2025-06-21 10:46:00,053 signals 13616 22376 Email service updated: hrop (hroperations@azerbaijansupermarket.com)
INFO 2025-06-21 10:46:00,053 services 13616 22376 Email sync completed: 22 processed, 22 created, 0 updated
