INFO 2025-06-11 19:38:57,265 signals 72657 8433520448 New MPR created: 2025-0001 by system_admin
INFO 2025-06-11 19:38:57,265 signals 72657 8433520448 TODO: Send notification for new MPR 2025-0001
INFO 2025-06-11 19:38:57,267 signals 72657 8433520448 New MPR created: 2025-0002 by system_admin
INFO 2025-06-11 19:38:57,267 signals 72657 8433520448 TODO: Send notification for new MPR 2025-0002
INFO 2025-06-11 19:38:57,269 signals 72657 8433520448 New MPR created: 2025-0003 by system_admin
INFO 2025-06-11 19:38:57,269 signals 72657 8433520448 TODO: Send notification for new MPR 2025-0003
INFO 2025-06-11 19:38:57,271 signals 72657 8433520448 New MPR created: 2025-0004 by system_admin
INFO 2025-06-11 19:38:57,271 signals 72657 8433520448 TODO: Send notification for new MPR 2025-0004
INFO 2025-06-11 19:39:05,563 signals 72964 8433520448 New MPR created: 2025-0001 by system_admin
INFO 2025-06-11 19:39:05,563 signals 72964 8433520448 TODO: Send notification for new MPR 2025-0001
INFO 2025-06-11 19:39:05,566 signals 72964 8433520448 New MPR created: 2025-0002 by system_admin
INFO 2025-06-11 19:39:05,566 signals 72964 8433520448 TODO: Send notification for new MPR 2025-0002
INFO 2025-06-11 19:39:05,567 signals 72964 8433520448 New MPR created: 2025-0003 by system_admin
INFO 2025-06-11 19:39:05,568 signals 72964 8433520448 TODO: Send notification for new MPR 2025-0003
INFO 2025-06-11 19:39:05,569 signals 72964 8433520448 New MPR created: 2025-0004 by system_admin
INFO 2025-06-11 19:39:05,569 signals 72964 8433520448 TODO: Send notification for new MPR 2025-0004
INFO 2025-06-11 19:40:09,581 signals 73149 8433520448 New MPR created: 2025-0001 by system_admin
INFO 2025-06-11 19:40:09,581 signals 73149 8433520448 TODO: Send notification for new MPR 2025-0001
INFO 2025-06-11 19:40:09,584 signals 73149 8433520448 New MPR created: 2025-0002 by system_admin
INFO 2025-06-11 19:40:09,584 signals 73149 8433520448 TODO: Send notification for new MPR 2025-0002
INFO 2025-06-11 19:40:09,585 signals 73149 8433520448 New MPR created: 2025-0003 by system_admin
INFO 2025-06-11 19:40:09,585 signals 73149 8433520448 TODO: Send notification for new MPR 2025-0003
INFO 2025-06-11 19:40:09,587 signals 73149 8433520448 New MPR created: 2025-0004 by system_admin
INFO 2025-06-11 19:40:09,587 signals 73149 8433520448 TODO: Send notification for new MPR 2025-0004
INFO 2025-06-12 14:03:16,566 signals 10596 25036 New MPR created: 2025-0005 by shbabazade
INFO 2025-06-12 14:03:16,569 signals 10596 25036 TODO: Send notification for new MPR 2025-0005
INFO 2025-06-12 14:03:48,049 signals 10596 25036 MPR 2025-0005 status changed from draft to pending
INFO 2025-06-12 14:03:48,050 signals 10596 25036 TODO: Notify approvers about MPR 2025-0005 pending approval
INFO 2025-06-17 23:43:26,183 signals 19160 21536 MPR 2025-0005 status changed from pending to approved
INFO 2025-06-17 23:43:26,201 signals 19160 21536 TODO: Notify about MPR 2025-0005 approval
